  Generate moc_predefs.h
  Moc'ing glwidget.h...
  Moc'ing mainwindow.h...
  Moc'ing qcustomplot.h...
  Moc'ing qwidgetgl.h...
  data.cpp
  glwidget.cpp
  logo.cpp
  main.cpp
  mainwindow.cpp
  qcustomplot.cpp
  qwidgetgl.cpp
  moc_glwidget.cpp
c:\users\wojciech\documents\new\data.cpp(290): warning C4267: "inicjowanie": konwersja z "size_t" do "int", możliwa utrata danych
c:\users\wojciech\documents\new\data.cpp(235): warning C4101: "stuff": lokalna zmienna, do której nie istnieje odwołanie
c:\users\wojciech\documents\new\data.cpp(290): warning C4189: "test": lokalna zmienna jest zainicjowana, ale nie ma odwołania
c:\users\wojciech\documents\new\data.cpp(289): warning C4189: "test2": lokalna zmienna jest zainicjowana, ale nie ma odwołania
c:\users\wojciech\documents\new\data.cpp(551): warning C4267: "=": konwersja z "size_t" do "int", możliwa utrata danych
c:\users\wojciech\documents\new\data.cpp(584): warning C4267: "=": konwersja z "size_t" do "int", możliwa utrata danych
c:\users\wojciech\documents\new\data.cpp(588): warning C4267: "=": konwersja z "size_t" do "int", możliwa utrata danych
c:\users\wojciech\documents\new\data.cpp(749): warning C4267: "inicjowanie": konwersja z "size_t" do "int", możliwa utrata danych
c:\users\wojciech\documents\new\data.cpp(749): warning C4189: "size": lokalna zmienna jest zainicjowana, ale nie ma odwołania
c:\users\wojciech\documents\new\data.cpp(1481): warning C4189: "pos": lokalna zmienna jest zainicjowana, ale nie ma odwołania
c:\users\wojciech\documents\new\data.cpp(1482): warning C4189: "ori": lokalna zmienna jest zainicjowana, ale nie ma odwołania
c:\users\wojciech\documents\new\data.cpp(1480): warning C4101: "mz": lokalna zmienna, do której nie istnieje odwołanie
c:\users\wojciech\documents\new\data.cpp(1480): warning C4101: "cy": lokalna zmienna, do której nie istnieje odwołanie
c:\users\wojciech\documents\new\data.cpp(1480): warning C4101: "my": lokalna zmienna, do której nie istnieje odwołanie
c:\users\wojciech\documents\new\data.cpp(1480): warning C4101: "mx": lokalna zmienna, do której nie istnieje odwołanie
c:\users\wojciech\documents\new\data.cpp(1480): warning C4101: "cx": lokalna zmienna, do której nie istnieje odwołanie
c:\users\wojciech\documents\new\data.cpp(1480): warning C4101: "cz": lokalna zmienna, do której nie istnieje odwołanie
c:\users\wojciech\documents\new\data.cpp(1615): warning C4189: "ori": lokalna zmienna jest zainicjowana, ale nie ma odwołania
c:\users\wojciech\documents\new\data.cpp(1703): warning C4189: "pos": lokalna zmienna jest zainicjowana, ale nie ma odwołania
c:\users\wojciech\documents\new\data.cpp(1704): warning C4189: "ori": lokalna zmienna jest zainicjowana, ale nie ma odwołania
c:\users\wojciech\documents\new\data.cpp(1999): warning C4100: "matrix": parametr formalny, do którego nie istnieje odwołanie
c:\users\wojciech\documents\new\data.cpp(2062): warning C4267: "=": konwersja z "size_t" do "int", możliwa utrata danych
c:\users\wojciech\documents\new\data.cpp(2132): warning C4267: "=": konwersja z "size_t" do "int", możliwa utrata danych
c:\users\wojciech\documents\new\data.cpp(2317): warning C4267: "=": konwersja z "size_t" do "int", możliwa utrata danych
  moc_mainwindow.cpp
  moc_qcustomplot.cpp
  moc_qwidgetgl.cpp
c:\users\wojciech\documents\new\mainwindow.cpp(59): warning C4100: "point": parametr formalny, do którego nie istnieje odwołanie
c:\users\wojciech\documents\new\mainwindow.cpp(328): warning C4100: "arg1": parametr formalny, do którego nie istnieje odwołanie
c:\users\wojciech\documents\new\mainwindow.cpp(449): warning C4100: "position": parametr formalny, do którego nie istnieje odwołanie
c:\users\wojciech\documents\new\mainwindow.cpp(454): warning C4100: "arg1": parametr formalny, do którego nie istnieje odwołanie
c:\users\wojciech\documents\new\mainwindow.cpp(500): warning C4189: "num": lokalna zmienna jest zainicjowana, ale nie ma odwołania
c:\users\wojciech\documents\new\mainwindow.cpp(779): warning C4267: "=": konwersja z "size_t" do "int", możliwa utrata danych
c:\users\wojciech\documents\new\mainwindow.cpp(1244): warning C4100: "column": parametr formalny, do którego nie istnieje odwołanie
c:\users\wojciech\documents\new\mainwindow.cpp(1244): warning C4100: "item": parametr formalny, do którego nie istnieje odwołanie
c:\users\wojciech\documents\new\mainwindow.cpp(1465): warning C4189: "pos": lokalna zmienna jest zainicjowana, ale nie ma odwołania
c:\users\wojciech\documents\new\mainwindow.cpp(1516): warning C4189: "pos": lokalna zmienna jest zainicjowana, ale nie ma odwołania
c:\users\wojciech\documents\new\mainwindow.cpp(1517): warning C4189: "ori": lokalna zmienna jest zainicjowana, ale nie ma odwołania
c:\users\wojciech\documents\new\mainwindow.cpp(1668): warning C4267: "inicjowanie": konwersja z "size_t" do "int", możliwa utrata danych
c:\users\wojciech\documents\new\mainwindow.cpp(1668): warning C4189: "klf": lokalna zmienna jest zainicjowana, ale nie ma odwołania
c:\users\wojciech\documents\new\mainwindow.cpp(1764): warning C4100: "arg1": parametr formalny, do którego nie istnieje odwołanie
c:\users\wojciech\documents\new\mainwindow.cpp(1806): warning C4100: "Action": parametr formalny, do którego nie istnieje odwołanie
c:\users\wojciech\documents\new\mainwindow.cpp(1825): warning C4100: "arg1": parametr formalny, do którego nie istnieje odwołanie
c:\users\wojciech\documents\new\mainwindow.cpp(1841): warning C4100: "arg1": parametr formalny, do którego nie istnieje odwołanie
c:\users\wojciech\documents\new\mainwindow.cpp(1857): warning C4100: "arg1": parametr formalny, do którego nie istnieje odwołanie
c:\users\wojciech\documents\new\mainwindow.cpp(2124): warning C4100: "arg1": parametr formalny, do którego nie istnieje odwołanie
c:\users\wojciech\documents\new\mainwindow.cpp(2140): warning C4100: "arg1": parametr formalny, do którego nie istnieje odwołanie
c:\users\wojciech\documents\new\mainwindow.cpp(2156): warning C4100: "arg1": parametr formalny, do którego nie istnieje odwołanie
  new.vcxproj -> C:\Users\Wojciech\Documents\new\release\new.exe
